\BOOKMARK [1][-]{section.1}{Complexity Zoo}{}% 1
\BOOKMARK [2][-]{subsection.1.1}{P}{section.1}% 2
\BOOKMARK [2][-]{subsection.1.2}{NP}{section.1}% 3
\BOOKMARK [2][-]{subsection.1.3}{FPT}{section.1}% 4
\BOOKMARK [2][-]{subsection.1.4}{W[1]}{section.1}% 5
\BOOKMARK [2][-]{subsection.1.5}{FPTAS}{section.1}% 6
\BOOKMARK [2][-]{subsection.1.6}{PTAS}{section.1}% 7
\BOOKMARK [2][-]{subsection.1.7}{L}{section.1}% 8
\BOOKMARK [2][-]{subsection.1.8}{NL}{section.1}% 9
\BOOKMARK [2][-]{subsection.1.9}{PSPACE}{section.1}% 10
\BOOKMARK [2][-]{subsection.1.10}{coNP}{section.1}% 11
\BOOKMARK [2][-]{subsection.1.11}{p2}{section.1}% 12
\BOOKMARK [2][-]{subsection.1.12}{pi}{section.1}% 13
\BOOKMARK [2][-]{subsection.1.13}{p2}{section.1}% 14
\BOOKMARK [2][-]{subsection.1.14}{pi}{section.1}% 15
\BOOKMARK [2][-]{subsection.1.15}{PH}{section.1}% 16
\BOOKMARK [2][-]{subsection.1.16}{PSAT}{section.1}% 17
\BOOKMARK [2][-]{subsection.1.17}{NPSAT}{section.1}% 18
\BOOKMARK [2][-]{subsection.1.18}{P/poly}{section.1}% 19
\BOOKMARK [2][-]{subsection.1.19}{P-Uniform}{section.1}% 20
\BOOKMARK [2][-]{subsection.1.20}{EXP}{section.1}% 21
\BOOKMARK [2][-]{subsection.1.21}{NC}{section.1}% 22
\BOOKMARK [2][-]{subsection.1.22}{NC0}{section.1}% 23
\BOOKMARK [2][-]{subsection.1.23}{NC1}{section.1}% 24
\BOOKMARK [2][-]{subsection.1.24}{NC2}{section.1}% 25
\BOOKMARK [2][-]{subsection.1.25}{NCi}{section.1}% 26
\BOOKMARK [2][-]{subsection.1.26}{ACi}{section.1}% 27
\BOOKMARK [2][-]{subsection.1.27}{AC0}{section.1}% 28
\BOOKMARK [2][-]{subsection.1.28}{AC1}{section.1}% 29
\BOOKMARK [2][-]{subsection.1.29}{BPP}{section.1}% 30
\BOOKMARK [2][-]{subsection.1.30}{RP}{section.1}% 31
\BOOKMARK [2][-]{subsection.1.31}{co-RP}{section.1}% 32
\BOOKMARK [2][-]{subsection.1.32}{ZPP}{section.1}% 33
\BOOKMARK [2][-]{subsection.1.33}{APX}{section.1}% 34
\BOOKMARK [2][-]{subsection.1.34}{PO}{section.1}% 35
\BOOKMARK [2][-]{subsection.1.35}{PCP}{section.1}% 36
\BOOKMARK [2][-]{subsection.1.36}{BQP}{section.1}% 37
\BOOKMARK [2][-]{subsection.1.37}{\043 P}{section.1}% 38
\BOOKMARK [2][-]{subsection.1.38}{PPAD}{section.1}% 39
